{"/Users/annacobb/Desktop/Personal Projects/simple-calc/addition.js": {"path":"/Users/annacobb/Desktop/Personal Projects/simple-calc/addition.js","statementMap":{"0":{"start":{"line":1,"column":17},"end":{"line":3,"column":1}},"1":{"start":{"line":2,"column":2},"end":{"line":2,"column":15}},"2":{"start":{"line":5,"column":0},"end":{"line":5,"column":26}}},"fnMap":{"0":{"name":"(anonymous_0)","decl":{"start":{"line":1,"column":17},"end":{"line":1,"column":18}},"loc":{"start":{"line":1,"column":28},"end":{"line":3,"column":1}},"line":1}},"branchMap":{},"s":{"0":1,"1":1,"2":1},"f":{"0":1},"b":{},"_coverageSchema":"1a1c01bbd47fc00a2c39e90264f33305004495a9","hash":"fd822ef1b3d103c46a9fa453bd76962cf8ea891b"}
,"/Users/annacobb/Desktop/Personal Projects/simple-calc/subtraction.js": {"path":"/Users/annacobb/Desktop/Personal Projects/simple-calc/subtraction.js","statementMap":{"0":{"start":{"line":1,"column":20},"end":{"line":3,"column":1}},"1":{"start":{"line":2,"column":2},"end":{"line":2,"column":15}},"2":{"start":{"line":5,"column":0},"end":{"line":5,"column":29}}},"fnMap":{"0":{"name":"(anonymous_0)","decl":{"start":{"line":1,"column":20},"end":{"line":1,"column":21}},"loc":{"start":{"line":1,"column":31},"end":{"line":3,"column":1}},"line":1}},"branchMap":{},"s":{"0":1,"1":1,"2":1},"f":{"0":1},"b":{},"_coverageSchema":"1a1c01bbd47fc00a2c39e90264f33305004495a9","hash":"8a9b9b4263b68f646e8effca0dfe75403a186a1b"}
}
